2021-06-14 02:58:09.384  INFO 1740 --- [main] c.s.S.SpringBootRestServiceApplication   : Starting SpringBootRestServiceApplication using Java 15.0.2 on DESKTOP-MM8CJJA with PID 1740 (E:\springstuff\SpringBootRestService\target\classes started by Said in E:\springstuff\SpringBootRestService)
2021-06-14 02:58:09.392  INFO 1740 --- [main] c.s.S.SpringBootRestServiceApplication   : No active profile set, falling back to default profiles: default
2021-06-14 02:58:10.900  INFO 1740 --- [main] .s.d.r.c.RepositoryConfigurationDelegate : Bootstrapping Spring Data JPA repositories in DEFAULT mode.
2021-06-14 02:58:10.995  INFO 1740 --- [main] .s.d.r.c.RepositoryConfigurationDelegate : Finished Spring Data repository scanning in 81 ms. Found 1 JPA repository interfaces.
2021-06-14 02:58:12.077  INFO 1740 --- [main] o.s.b.w.embedded.tomcat.TomcatWebServer  : Tomcat initialized with port(s): 8080 (http)
2021-06-14 02:58:12.093  INFO 1740 --- [main] o.apache.catalina.core.StandardService   : Starting service [Tomcat]
2021-06-14 02:58:12.093  INFO 1740 --- [main] org.apache.catalina.core.StandardEngine  : Starting Servlet engine: [Apache Tomcat/9.0.46]
2021-06-14 02:58:12.262  INFO 1740 --- [main] o.a.c.c.C.[Tomcat].[localhost].[/]       : Initializing Spring embedded WebApplicationContext
2021-06-14 02:58:12.263  INFO 1740 --- [main] w.s.c.ServletWebServerApplicationContext : Root WebApplicationContext: initialization completed in 2770 ms
2021-06-14 02:58:12.533  INFO 1740 --- [main] o.hibernate.jpa.internal.util.LogHelper  : HHH000204: Processing PersistenceUnitInfo [name: default]
2021-06-14 02:58:12.604  INFO 1740 --- [main] org.hibernate.Version                    : HHH000412: Hibernate ORM core version 5.4.31.Final
2021-06-14 02:58:12.799  INFO 1740 --- [main] o.hibernate.annotations.common.Version   : HCANN000001: Hibernate Commons Annotations {5.1.2.Final}
2021-06-14 02:58:12.934  INFO 1740 --- [main] com.zaxxer.hikari.HikariDataSource       : HikariPool-1 - Starting...
2021-06-14 02:58:13.418  INFO 1740 --- [main] com.zaxxer.hikari.HikariDataSource       : HikariPool-1 - Start completed.
2021-06-14 02:58:13.438  INFO 1740 --- [main] org.hibernate.dialect.Dialect            : HHH000400: Using dialect: org.hibernate.dialect.MySQL5InnoDBDialect
2021-06-14 02:58:14.292  INFO 1740 --- [main] o.h.e.t.j.p.i.JtaPlatformInitiator       : HHH000490: Using JtaPlatform implementation: [org.hibernate.engine.transaction.jta.platform.internal.NoJtaPlatform]
2021-06-14 02:58:14.302  INFO 1740 --- [main] j.LocalContainerEntityManagerFactoryBean : Initialized JPA EntityManagerFactory for persistence unit 'default'
2021-06-14 02:58:14.752  WARN 1740 --- [main] JpaBaseConfiguration$JpaWebConfiguration : spring.jpa.open-in-view is enabled by default. Therefore, database queries may be performed during view rendering. Explicitly configure spring.jpa.open-in-view to disable this warning
2021-06-14 02:58:15.187  INFO 1740 --- [main] o.s.b.w.embedded.tomcat.TomcatWebServer  : Tomcat started on port(s): 8080 (http) with context path ''
2021-06-14 02:58:15.201  INFO 1740 --- [main] c.s.S.SpringBootRestServiceApplication   : Started SpringBootRestServiceApplication in 6.32 seconds (JVM running for 7.071)
2021-06-14 02:58:15.203  INFO 1740 --- [main] o.s.b.a.ApplicationAvailabilityBean      : Application availability state LivenessState changed to CORRECT
2021-06-14 02:58:15.206  INFO 1740 --- [main] o.s.b.a.ApplicationAvailabilityBean      : Application availability state ReadinessState changed to ACCEPTING_TRAFFIC
2021-06-14 02:59:14.528  INFO 1740 --- [http-nio-8080-exec-1] o.a.c.c.C.[Tomcat].[localhost].[/]       : Initializing Spring DispatcherServlet 'dispatcherServlet'
2021-06-14 02:59:14.528  INFO 1740 --- [http-nio-8080-exec-1] o.s.web.servlet.DispatcherServlet        : Initializing Servlet 'dispatcherServlet'
2021-06-14 02:59:14.530  INFO 1740 --- [http-nio-8080-exec-1] o.s.web.servlet.DispatcherServlet        : Completed initialization in 1 ms
2021-06-14 02:59:46.946  INFO 16424 --- [main] c.s.S.SpringBootRestServiceApplication   : Starting SpringBootRestServiceApplication using Java 15.0.2 on DESKTOP-MM8CJJA with PID 16424 (E:\springstuff\SpringBootRestService\target\classes started by Said in E:\springstuff\SpringBootRestService)
2021-06-14 02:59:46.948  INFO 16424 --- [main] c.s.S.SpringBootRestServiceApplication   : No active profile set, falling back to default profiles: default
2021-06-14 02:59:47.687  INFO 16424 --- [main] .s.d.r.c.RepositoryConfigurationDelegate : Bootstrapping Spring Data JPA repositories in DEFAULT mode.
2021-06-14 02:59:47.746  INFO 16424 --- [main] .s.d.r.c.RepositoryConfigurationDelegate : Finished Spring Data repository scanning in 49 ms. Found 1 JPA repository interfaces.
2021-06-14 02:59:48.465  INFO 16424 --- [main] o.s.b.w.embedded.tomcat.TomcatWebServer  : Tomcat initialized with port(s): 8080 (http)
2021-06-14 02:59:48.478  INFO 16424 --- [main] o.apache.catalina.core.StandardService   : Starting service [Tomcat]
2021-06-14 02:59:48.478  INFO 16424 --- [main] org.apache.catalina.core.StandardEngine  : Starting Servlet engine: [Apache Tomcat/9.0.46]
2021-06-14 02:59:48.603  INFO 16424 --- [main] o.a.c.c.C.[Tomcat].[localhost].[/]       : Initializing Spring embedded WebApplicationContext
2021-06-14 02:59:48.604  INFO 16424 --- [main] w.s.c.ServletWebServerApplicationContext : Root WebApplicationContext: initialization completed in 1606 ms
2021-06-14 02:59:48.828  INFO 16424 --- [main] o.hibernate.jpa.internal.util.LogHelper  : HHH000204: Processing PersistenceUnitInfo [name: default]
2021-06-14 02:59:48.876  INFO 16424 --- [main] org.hibernate.Version                    : HHH000412: Hibernate ORM core version 5.4.31.Final
2021-06-14 02:59:49.029  INFO 16424 --- [main] o.hibernate.annotations.common.Version   : HCANN000001: Hibernate Commons Annotations {5.1.2.Final}
2021-06-14 02:59:49.132  INFO 16424 --- [main] com.zaxxer.hikari.HikariDataSource       : HikariPool-1 - Starting...
2021-06-14 02:59:49.530  INFO 16424 --- [main] com.zaxxer.hikari.HikariDataSource       : HikariPool-1 - Start completed.
2021-06-14 02:59:49.544  INFO 16424 --- [main] org.hibernate.dialect.Dialect            : HHH000400: Using dialect: org.hibernate.dialect.MySQL5InnoDBDialect
2021-06-14 02:59:50.182  INFO 16424 --- [main] o.h.e.t.j.p.i.JtaPlatformInitiator       : HHH000490: Using JtaPlatform implementation: [org.hibernate.engine.transaction.jta.platform.internal.NoJtaPlatform]
2021-06-14 02:59:50.190  INFO 16424 --- [main] j.LocalContainerEntityManagerFactoryBean : Initialized JPA EntityManagerFactory for persistence unit 'default'
2021-06-14 02:59:50.547  WARN 16424 --- [main] JpaBaseConfiguration$JpaWebConfiguration : spring.jpa.open-in-view is enabled by default. Therefore, database queries may be performed during view rendering. Explicitly configure spring.jpa.open-in-view to disable this warning
2021-06-14 02:59:50.873  INFO 16424 --- [main] .s.s.UserDetailsServiceAutoConfiguration : 

Using generated security password: 1de1d307-5b2c-4150-8a69-4eb6d216db6a

2021-06-14 02:59:51.023  INFO 16424 --- [main] o.s.s.web.DefaultSecurityFilterChain     : Will secure any request with [org.springframework.security.web.context.request.async.WebAsyncManagerIntegrationFilter@3fdbb7ee, org.springframework.security.web.context.SecurityContextPersistenceFilter@4e9695cf, org.springframework.security.web.header.HeaderWriterFilter@2d36add1, org.springframework.security.web.csrf.CsrfFilter@662d3e85, org.springframework.security.web.authentication.logout.LogoutFilter@332fa6ce, org.springframework.security.web.authentication.UsernamePasswordAuthenticationFilter@1f641fb7, org.springframework.security.web.authentication.ui.DefaultLoginPageGeneratingFilter@2cc9a948, org.springframework.security.web.authentication.ui.DefaultLogoutPageGeneratingFilter@32c08610, org.springframework.security.web.authentication.www.BasicAuthenticationFilter@1add90e0, org.springframework.security.web.savedrequest.RequestCacheAwareFilter@c6c58ce, org.springframework.security.web.servletapi.SecurityContextHolderAwareRequestFilter@79c2bc34, org.springframework.security.web.authentication.AnonymousAuthenticationFilter@44ec4a38, org.springframework.security.web.session.SessionManagementFilter@4271b748, org.springframework.security.web.access.ExceptionTranslationFilter@236a3e4, org.springframework.security.web.access.intercept.FilterSecurityInterceptor@296a71df]
2021-06-14 02:59:51.102  INFO 16424 --- [main] o.s.b.w.embedded.tomcat.TomcatWebServer  : Tomcat started on port(s): 8080 (http) with context path ''
2021-06-14 02:59:51.113  INFO 16424 --- [main] c.s.S.SpringBootRestServiceApplication   : Started SpringBootRestServiceApplication in 4.602 seconds (JVM running for 5.174)
2021-06-14 02:59:51.114  INFO 16424 --- [main] o.s.b.a.ApplicationAvailabilityBean      : Application availability state LivenessState changed to CORRECT
2021-06-14 02:59:51.116  INFO 16424 --- [main] o.s.b.a.ApplicationAvailabilityBean      : Application availability state ReadinessState changed to ACCEPTING_TRAFFIC
2021-06-14 02:59:59.117  INFO 16424 --- [http-nio-8080-exec-2] o.a.c.c.C.[Tomcat].[localhost].[/]       : Initializing Spring DispatcherServlet 'dispatcherServlet'
2021-06-14 02:59:59.118  INFO 16424 --- [http-nio-8080-exec-2] o.s.web.servlet.DispatcherServlet        : Initializing Servlet 'dispatcherServlet'
2021-06-14 02:59:59.119  INFO 16424 --- [http-nio-8080-exec-2] o.s.web.servlet.DispatcherServlet        : Completed initialization in 1 ms
2021-06-14 03:04:46.583  INFO 4348 --- [main] c.s.S.SpringBootRestServiceApplication   : Starting SpringBootRestServiceApplication using Java 15.0.2 on DESKTOP-MM8CJJA with PID 4348 (E:\springstuff\SpringBootRestService\target\classes started by Said in E:\springstuff\SpringBootRestService)
2021-06-14 03:04:46.585  INFO 4348 --- [main] c.s.S.SpringBootRestServiceApplication   : No active profile set, falling back to default profiles: default
2021-06-14 03:04:47.283  INFO 4348 --- [main] .s.d.r.c.RepositoryConfigurationDelegate : Bootstrapping Spring Data JPA repositories in DEFAULT mode.
2021-06-14 03:04:47.339  INFO 4348 --- [main] .s.d.r.c.RepositoryConfigurationDelegate : Finished Spring Data repository scanning in 46 ms. Found 1 JPA repository interfaces.
2021-06-14 03:04:47.978  INFO 4348 --- [main] o.s.b.w.embedded.tomcat.TomcatWebServer  : Tomcat initialized with port(s): 8080 (http)
2021-06-14 03:04:47.991  INFO 4348 --- [main] o.apache.catalina.core.StandardService   : Starting service [Tomcat]
2021-06-14 03:04:47.991  INFO 4348 --- [main] org.apache.catalina.core.StandardEngine  : Starting Servlet engine: [Apache Tomcat/9.0.46]
2021-06-14 03:04:48.121  INFO 4348 --- [main] o.a.c.c.C.[Tomcat].[localhost].[/]       : Initializing Spring embedded WebApplicationContext
2021-06-14 03:04:48.122  INFO 4348 --- [main] w.s.c.ServletWebServerApplicationContext : Root WebApplicationContext: initialization completed in 1485 ms
2021-06-14 03:04:48.363  INFO 4348 --- [main] o.hibernate.jpa.internal.util.LogHelper  : HHH000204: Processing PersistenceUnitInfo [name: default]
2021-06-14 03:04:48.432  INFO 4348 --- [main] org.hibernate.Version                    : HHH000412: Hibernate ORM core version 5.4.31.Final
2021-06-14 03:04:48.592  INFO 4348 --- [main] o.hibernate.annotations.common.Version   : HCANN000001: Hibernate Commons Annotations {5.1.2.Final}
2021-06-14 03:04:48.689  INFO 4348 --- [main] com.zaxxer.hikari.HikariDataSource       : HikariPool-1 - Starting...
2021-06-14 03:04:49.052  INFO 4348 --- [main] com.zaxxer.hikari.HikariDataSource       : HikariPool-1 - Start completed.
2021-06-14 03:04:49.066  INFO 4348 --- [main] org.hibernate.dialect.Dialect            : HHH000400: Using dialect: org.hibernate.dialect.MySQL5InnoDBDialect
2021-06-14 03:04:49.631  INFO 4348 --- [main] o.h.e.t.j.p.i.JtaPlatformInitiator       : HHH000490: Using JtaPlatform implementation: [org.hibernate.engine.transaction.jta.platform.internal.NoJtaPlatform]
2021-06-14 03:04:49.638  INFO 4348 --- [main] j.LocalContainerEntityManagerFactoryBean : Initialized JPA EntityManagerFactory for persistence unit 'default'
2021-06-14 03:04:49.979  WARN 4348 --- [main] JpaBaseConfiguration$JpaWebConfiguration : spring.jpa.open-in-view is enabled by default. Therefore, database queries may be performed during view rendering. Explicitly configure spring.jpa.open-in-view to disable this warning
2021-06-14 03:04:50.290  INFO 4348 --- [main] .s.s.UserDetailsServiceAutoConfiguration : 

Using generated security password: a69b4150-3cd2-4f89-948b-41c3dcfcfb5c

2021-06-14 03:04:50.412  INFO 4348 --- [main] o.s.s.web.DefaultSecurityFilterChain     : Will secure any request with [org.springframework.security.web.context.request.async.WebAsyncManagerIntegrationFilter@5f8d4b51, org.springframework.security.web.context.SecurityContextPersistenceFilter@59aba3c3, org.springframework.security.web.header.HeaderWriterFilter@174f0d06, org.springframework.security.web.csrf.CsrfFilter@337fb1a5, org.springframework.security.web.authentication.logout.LogoutFilter@40105b39, org.springframework.security.web.authentication.UsernamePasswordAuthenticationFilter@69d1ad64, org.springframework.security.web.authentication.ui.DefaultLoginPageGeneratingFilter@72a61e61, org.springframework.security.web.authentication.ui.DefaultLogoutPageGeneratingFilter@55821edf, org.springframework.security.web.authentication.www.BasicAuthenticationFilter@297454f7, org.springframework.security.web.savedrequest.RequestCacheAwareFilter@236a3e4, org.springframework.security.web.servletapi.SecurityContextHolderAwareRequestFilter@4271b748, org.springframework.security.web.authentication.AnonymousAuthenticationFilter@5e5a2b74, org.springframework.security.web.session.SessionManagementFilter@706690e1, org.springframework.security.web.access.ExceptionTranslationFilter@1a5a4f8, org.springframework.security.web.access.intercept.FilterSecurityInterceptor@759b05d1]
2021-06-14 03:04:50.489  INFO 4348 --- [main] o.s.b.w.embedded.tomcat.TomcatWebServer  : Tomcat started on port(s): 8080 (http) with context path ''
2021-06-14 03:04:50.499  INFO 4348 --- [main] c.s.S.SpringBootRestServiceApplication   : Started SpringBootRestServiceApplication in 4.335 seconds (JVM running for 4.905)
2021-06-14 03:04:50.500  INFO 4348 --- [main] o.s.b.a.ApplicationAvailabilityBean      : Application availability state LivenessState changed to CORRECT
2021-06-14 03:04:50.502  INFO 4348 --- [main] o.s.b.a.ApplicationAvailabilityBean      : Application availability state ReadinessState changed to ACCEPTING_TRAFFIC
2021-06-14 03:04:58.123  INFO 4348 --- [http-nio-8080-exec-2] o.a.c.c.C.[Tomcat].[localhost].[/]       : Initializing Spring DispatcherServlet 'dispatcherServlet'
2021-06-14 03:04:58.123  INFO 4348 --- [http-nio-8080-exec-2] o.s.web.servlet.DispatcherServlet        : Initializing Servlet 'dispatcherServlet'
2021-06-14 03:04:58.124  INFO 4348 --- [http-nio-8080-exec-2] o.s.web.servlet.DispatcherServlet        : Completed initialization in 1 ms
2021-06-14 03:10:25.926  INFO 14988 --- [main] c.s.S.SpringBootRestServiceApplication   : Starting SpringBootRestServiceApplication using Java 15.0.2 on DESKTOP-MM8CJJA with PID 14988 (E:\springstuff\SpringBootRestService\target\classes started by Said in E:\springstuff\SpringBootRestService)
2021-06-14 03:10:25.929  INFO 14988 --- [main] c.s.S.SpringBootRestServiceApplication   : No active profile set, falling back to default profiles: default
2021-06-14 03:10:26.727  INFO 14988 --- [main] .s.d.r.c.RepositoryConfigurationDelegate : Bootstrapping Spring Data JPA repositories in DEFAULT mode.
2021-06-14 03:10:26.796  INFO 14988 --- [main] .s.d.r.c.RepositoryConfigurationDelegate : Finished Spring Data repository scanning in 57 ms. Found 1 JPA repository interfaces.
2021-06-14 03:10:27.487  INFO 14988 --- [main] o.s.b.w.embedded.tomcat.TomcatWebServer  : Tomcat initialized with port(s): 8080 (http)
2021-06-14 03:10:27.499  INFO 14988 --- [main] o.apache.catalina.core.StandardService   : Starting service [Tomcat]
2021-06-14 03:10:27.500  INFO 14988 --- [main] org.apache.catalina.core.StandardEngine  : Starting Servlet engine: [Apache Tomcat/9.0.46]
2021-06-14 03:10:27.647  INFO 14988 --- [main] o.a.c.c.C.[Tomcat].[localhost].[/]       : Initializing Spring embedded WebApplicationContext
2021-06-14 03:10:27.648  INFO 14988 --- [main] w.s.c.ServletWebServerApplicationContext : Root WebApplicationContext: initialization completed in 1652 ms
2021-06-14 03:10:27.869  INFO 14988 --- [main] o.hibernate.jpa.internal.util.LogHelper  : HHH000204: Processing PersistenceUnitInfo [name: default]
2021-06-14 03:10:27.925  INFO 14988 --- [main] org.hibernate.Version                    : HHH000412: Hibernate ORM core version 5.4.31.Final
2021-06-14 03:10:28.080  INFO 14988 --- [main] o.hibernate.annotations.common.Version   : HCANN000001: Hibernate Commons Annotations {5.1.2.Final}
2021-06-14 03:10:28.195  INFO 14988 --- [main] com.zaxxer.hikari.HikariDataSource       : HikariPool-1 - Starting...
2021-06-14 03:10:28.616  INFO 14988 --- [main] com.zaxxer.hikari.HikariDataSource       : HikariPool-1 - Start completed.
2021-06-14 03:10:28.632  INFO 14988 --- [main] org.hibernate.dialect.Dialect            : HHH000400: Using dialect: org.hibernate.dialect.MySQL5InnoDBDialect
2021-06-14 03:10:29.269  INFO 14988 --- [main] o.h.e.t.j.p.i.JtaPlatformInitiator       : HHH000490: Using JtaPlatform implementation: [org.hibernate.engine.transaction.jta.platform.internal.NoJtaPlatform]
2021-06-14 03:10:29.276  INFO 14988 --- [main] j.LocalContainerEntityManagerFactoryBean : Initialized JPA EntityManagerFactory for persistence unit 'default'
2021-06-14 03:10:29.664  WARN 14988 --- [main] JpaBaseConfiguration$JpaWebConfiguration : spring.jpa.open-in-view is enabled by default. Therefore, database queries may be performed during view rendering. Explicitly configure spring.jpa.open-in-view to disable this warning
2021-06-14 03:10:29.747  INFO 14988 --- [main] .s.s.UserDetailsServiceAutoConfiguration : 

Using generated security password: 844819f1-a6ba-4fbb-b2de-1dbdcc60bff0

2021-06-14 03:10:29.833  INFO 14988 --- [main] o.s.s.web.DefaultSecurityFilterChain     : Will secure any request with [org.springframework.security.web.context.request.async.WebAsyncManagerIntegrationFilter@125124ea, org.springframework.security.web.context.SecurityContextPersistenceFilter@4850d66b, org.springframework.security.web.header.HeaderWriterFilter@7ae6927, org.springframework.security.web.authentication.logout.LogoutFilter@6a7fc4c1, org.springframework.security.web.savedrequest.RequestCacheAwareFilter@102fd71d, org.springframework.security.web.servletapi.SecurityContextHolderAwareRequestFilter@2cbc2db2, org.springframework.security.web.authentication.AnonymousAuthenticationFilter@314c6f89, org.springframework.security.web.session.SessionManagementFilter@4cefa0be, org.springframework.security.web.access.ExceptionTranslationFilter@da67c46]
2021-06-14 03:10:30.314  INFO 14988 --- [main] o.s.b.w.embedded.tomcat.TomcatWebServer  : Tomcat started on port(s): 8080 (http) with context path ''
2021-06-14 03:10:30.324  INFO 14988 --- [main] c.s.S.SpringBootRestServiceApplication   : Started SpringBootRestServiceApplication in 4.832 seconds (JVM running for 5.32)
2021-06-14 03:10:30.326  INFO 14988 --- [main] o.s.b.a.ApplicationAvailabilityBean      : Application availability state LivenessState changed to CORRECT
2021-06-14 03:10:30.329  INFO 14988 --- [main] o.s.b.a.ApplicationAvailabilityBean      : Application availability state ReadinessState changed to ACCEPTING_TRAFFIC
2021-06-14 03:10:42.005  INFO 14988 --- [http-nio-8080-exec-1] o.a.c.c.C.[Tomcat].[localhost].[/]       : Initializing Spring DispatcherServlet 'dispatcherServlet'
2021-06-14 03:10:42.005  INFO 14988 --- [http-nio-8080-exec-1] o.s.web.servlet.DispatcherServlet        : Initializing Servlet 'dispatcherServlet'
2021-06-14 03:10:42.006  INFO 14988 --- [http-nio-8080-exec-1] o.s.web.servlet.DispatcherServlet        : Completed initialization in 1 ms
2021-06-14 03:10:42.138  INFO 14988 --- [http-nio-8080-exec-1] c.s.S.controller.LibraryController       : Book does not exist so creating one
2021-06-14 03:11:33.415  INFO 14988 --- [http-nio-8080-exec-7] c.s.S.controller.LibraryController       : Book with this id does not exist. Cannot delete book.
2021-06-14 03:13:16.140  INFO 2684 --- [main] c.s.S.SpringBootRestServiceApplication   : Starting SpringBootRestServiceApplication using Java 15.0.2 on DESKTOP-MM8CJJA with PID 2684 (E:\springstuff\SpringBootRestService\target\classes started by Said in E:\springstuff\SpringBootRestService)
2021-06-14 03:13:16.142  INFO 2684 --- [main] c.s.S.SpringBootRestServiceApplication   : No active profile set, falling back to default profiles: default
2021-06-14 03:13:16.860  INFO 2684 --- [main] .s.d.r.c.RepositoryConfigurationDelegate : Bootstrapping Spring Data JPA repositories in DEFAULT mode.
2021-06-14 03:13:16.924  INFO 2684 --- [main] .s.d.r.c.RepositoryConfigurationDelegate : Finished Spring Data repository scanning in 54 ms. Found 1 JPA repository interfaces.
2021-06-14 03:13:17.586  INFO 2684 --- [main] o.s.b.w.embedded.tomcat.TomcatWebServer  : Tomcat initialized with port(s): 8080 (http)
2021-06-14 03:13:17.599  INFO 2684 --- [main] o.apache.catalina.core.StandardService   : Starting service [Tomcat]
2021-06-14 03:13:17.599  INFO 2684 --- [main] org.apache.catalina.core.StandardEngine  : Starting Servlet engine: [Apache Tomcat/9.0.46]
2021-06-14 03:13:17.726  INFO 2684 --- [main] o.a.c.c.C.[Tomcat].[localhost].[/]       : Initializing Spring embedded WebApplicationContext
2021-06-14 03:13:17.726  INFO 2684 --- [main] w.s.c.ServletWebServerApplicationContext : Root WebApplicationContext: initialization completed in 1531 ms
2021-06-14 03:13:17.971  INFO 2684 --- [main] o.hibernate.jpa.internal.util.LogHelper  : HHH000204: Processing PersistenceUnitInfo [name: default]
2021-06-14 03:13:18.017  INFO 2684 --- [main] org.hibernate.Version                    : HHH000412: Hibernate ORM core version 5.4.31.Final
2021-06-14 03:13:18.156  INFO 2684 --- [main] o.hibernate.annotations.common.Version   : HCANN000001: Hibernate Commons Annotations {5.1.2.Final}
2021-06-14 03:13:18.250  INFO 2684 --- [main] com.zaxxer.hikari.HikariDataSource       : HikariPool-1 - Starting...
2021-06-14 03:13:18.675  INFO 2684 --- [main] com.zaxxer.hikari.HikariDataSource       : HikariPool-1 - Start completed.
2021-06-14 03:13:18.692  INFO 2684 --- [main] org.hibernate.dialect.Dialect            : HHH000400: Using dialect: org.hibernate.dialect.MySQL5InnoDBDialect
2021-06-14 03:13:19.436  INFO 2684 --- [main] o.h.e.t.j.p.i.JtaPlatformInitiator       : HHH000490: Using JtaPlatform implementation: [org.hibernate.engine.transaction.jta.platform.internal.NoJtaPlatform]
2021-06-14 03:13:19.448  INFO 2684 --- [main] j.LocalContainerEntityManagerFactoryBean : Initialized JPA EntityManagerFactory for persistence unit 'default'
2021-06-14 03:13:19.790  WARN 2684 --- [main] JpaBaseConfiguration$JpaWebConfiguration : spring.jpa.open-in-view is enabled by default. Therefore, database queries may be performed during view rendering. Explicitly configure spring.jpa.open-in-view to disable this warning
2021-06-14 03:13:20.252  INFO 2684 --- [main] o.s.s.web.DefaultSecurityFilterChain     : Will secure any request with [org.springframework.security.web.context.request.async.WebAsyncManagerIntegrationFilter@3fdbb7ee, org.springframework.security.web.context.SecurityContextPersistenceFilter@4e9695cf, org.springframework.security.web.header.HeaderWriterFilter@2d36add1, org.springframework.security.web.csrf.CsrfFilter@662d3e85, org.springframework.security.web.authentication.logout.LogoutFilter@332fa6ce, org.springframework.security.web.authentication.UsernamePasswordAuthenticationFilter@1f641fb7, org.springframework.security.web.authentication.ui.DefaultLoginPageGeneratingFilter@2cc9a948, org.springframework.security.web.authentication.ui.DefaultLogoutPageGeneratingFilter@32c08610, org.springframework.security.web.authentication.www.BasicAuthenticationFilter@1add90e0, org.springframework.security.web.savedrequest.RequestCacheAwareFilter@c6c58ce, org.springframework.security.web.servletapi.SecurityContextHolderAwareRequestFilter@79c2bc34, org.springframework.security.web.authentication.AnonymousAuthenticationFilter@44ec4a38, org.springframework.security.web.session.SessionManagementFilter@4271b748, org.springframework.security.web.access.ExceptionTranslationFilter@236a3e4, org.springframework.security.web.access.intercept.FilterSecurityInterceptor@296a71df]
2021-06-14 03:13:20.355  INFO 2684 --- [main] o.s.b.w.embedded.tomcat.TomcatWebServer  : Tomcat started on port(s): 8080 (http) with context path ''
2021-06-14 03:13:20.367  INFO 2684 --- [main] c.s.S.SpringBootRestServiceApplication   : Started SpringBootRestServiceApplication in 4.663 seconds (JVM running for 5.137)
2021-06-14 03:13:20.368  INFO 2684 --- [main] o.s.b.a.ApplicationAvailabilityBean      : Application availability state LivenessState changed to CORRECT
2021-06-14 03:13:20.371  INFO 2684 --- [main] o.s.b.a.ApplicationAvailabilityBean      : Application availability state ReadinessState changed to ACCEPTING_TRAFFIC
2021-06-14 03:13:34.872  INFO 2684 --- [http-nio-8080-exec-2] o.a.c.c.C.[Tomcat].[localhost].[/]       : Initializing Spring DispatcherServlet 'dispatcherServlet'
2021-06-14 03:13:34.872  INFO 2684 --- [http-nio-8080-exec-2] o.s.web.servlet.DispatcherServlet        : Initializing Servlet 'dispatcherServlet'
2021-06-14 03:13:34.873  INFO 2684 --- [http-nio-8080-exec-2] o.s.web.servlet.DispatcherServlet        : Completed initialization in 1 ms
2021-06-14 03:14:19.647  INFO 15896 --- [main] c.s.S.SpringBootRestServiceApplication   : Starting SpringBootRestServiceApplication using Java 15.0.2 on DESKTOP-MM8CJJA with PID 15896 (E:\springstuff\SpringBootRestService\target\classes started by Said in E:\springstuff\SpringBootRestService)
2021-06-14 03:14:19.649  INFO 15896 --- [main] c.s.S.SpringBootRestServiceApplication   : No active profile set, falling back to default profiles: default
2021-06-14 03:14:20.424  INFO 15896 --- [main] .s.d.r.c.RepositoryConfigurationDelegate : Bootstrapping Spring Data JPA repositories in DEFAULT mode.
2021-06-14 03:14:20.494  INFO 15896 --- [main] .s.d.r.c.RepositoryConfigurationDelegate : Finished Spring Data repository scanning in 57 ms. Found 1 JPA repository interfaces.
2021-06-14 03:14:21.306  INFO 15896 --- [main] o.s.b.w.embedded.tomcat.TomcatWebServer  : Tomcat initialized with port(s): 8080 (http)
2021-06-14 03:14:21.325  INFO 15896 --- [main] o.apache.catalina.core.StandardService   : Starting service [Tomcat]
2021-06-14 03:14:21.325  INFO 15896 --- [main] org.apache.catalina.core.StandardEngine  : Starting Servlet engine: [Apache Tomcat/9.0.46]
2021-06-14 03:14:21.455  INFO 15896 --- [main] o.a.c.c.C.[Tomcat].[localhost].[/]       : Initializing Spring embedded WebApplicationContext
2021-06-14 03:14:21.456  INFO 15896 --- [main] w.s.c.ServletWebServerApplicationContext : Root WebApplicationContext: initialization completed in 1758 ms
2021-06-14 03:14:21.714  INFO 15896 --- [main] o.hibernate.jpa.internal.util.LogHelper  : HHH000204: Processing PersistenceUnitInfo [name: default]
2021-06-14 03:14:21.760  INFO 15896 --- [main] org.hibernate.Version                    : HHH000412: Hibernate ORM core version 5.4.31.Final
2021-06-14 03:14:21.932  INFO 15896 --- [main] o.hibernate.annotations.common.Version   : HCANN000001: Hibernate Commons Annotations {5.1.2.Final}
2021-06-14 03:14:22.010  INFO 15896 --- [main] com.zaxxer.hikari.HikariDataSource       : HikariPool-1 - Starting...
2021-06-14 03:14:22.417  INFO 15896 --- [main] com.zaxxer.hikari.HikariDataSource       : HikariPool-1 - Start completed.
2021-06-14 03:14:22.433  INFO 15896 --- [main] org.hibernate.dialect.Dialect            : HHH000400: Using dialect: org.hibernate.dialect.MySQL5InnoDBDialect
2021-06-14 03:14:23.033  INFO 15896 --- [main] o.h.e.t.j.p.i.JtaPlatformInitiator       : HHH000490: Using JtaPlatform implementation: [org.hibernate.engine.transaction.jta.platform.internal.NoJtaPlatform]
2021-06-14 03:14:23.041  INFO 15896 --- [main] j.LocalContainerEntityManagerFactoryBean : Initialized JPA EntityManagerFactory for persistence unit 'default'
2021-06-14 03:14:23.399  WARN 15896 --- [main] JpaBaseConfiguration$JpaWebConfiguration : spring.jpa.open-in-view is enabled by default. Therefore, database queries may be performed during view rendering. Explicitly configure spring.jpa.open-in-view to disable this warning
2021-06-14 03:14:23.862  INFO 15896 --- [main] o.s.s.web.DefaultSecurityFilterChain     : Will secure any request with [org.springframework.security.web.context.request.async.WebAsyncManagerIntegrationFilter@69d61a6f, org.springframework.security.web.context.SecurityContextPersistenceFilter@7698a3d9, org.springframework.security.web.header.HeaderWriterFilter@38b0e2a7, org.springframework.security.web.csrf.CsrfFilter@2f4fc18, org.springframework.security.web.authentication.logout.LogoutFilter@c6c58ce, org.springframework.security.web.authentication.UsernamePasswordAuthenticationFilter@6f740044, org.springframework.security.web.authentication.ui.DefaultLoginPageGeneratingFilter@6d4c7248, org.springframework.security.web.authentication.ui.DefaultLogoutPageGeneratingFilter@759b05d1, org.springframework.security.web.authentication.www.BasicAuthenticationFilter@45c2c396, org.springframework.security.web.savedrequest.RequestCacheAwareFilter@39dce2df, org.springframework.security.web.servletapi.SecurityContextHolderAwareRequestFilter@57bfca3a, org.springframework.security.web.authentication.AnonymousAuthenticationFilter@2696b687, org.springframework.security.web.session.SessionManagementFilter@73eae5f, org.springframework.security.web.access.ExceptionTranslationFilter@328bc067, org.springframework.security.web.access.intercept.FilterSecurityInterceptor@5002be8e]
2021-06-14 03:14:23.959  INFO 15896 --- [main] o.s.b.w.embedded.tomcat.TomcatWebServer  : Tomcat started on port(s): 8080 (http) with context path ''
2021-06-14 03:14:23.968  INFO 15896 --- [main] c.s.S.SpringBootRestServiceApplication   : Started SpringBootRestServiceApplication in 4.75 seconds (JVM running for 5.248)
2021-06-14 03:14:23.969  INFO 15896 --- [main] o.s.b.a.ApplicationAvailabilityBean      : Application availability state LivenessState changed to CORRECT
2021-06-14 03:14:23.972  INFO 15896 --- [main] o.s.b.a.ApplicationAvailabilityBean      : Application availability state ReadinessState changed to ACCEPTING_TRAFFIC
2021-06-14 03:14:27.074  INFO 15896 --- [http-nio-8080-exec-2] o.a.c.c.C.[Tomcat].[localhost].[/]       : Initializing Spring DispatcherServlet 'dispatcherServlet'
2021-06-14 03:14:27.074  INFO 15896 --- [http-nio-8080-exec-2] o.s.web.servlet.DispatcherServlet        : Initializing Servlet 'dispatcherServlet'
2021-06-14 03:14:27.076  INFO 15896 --- [http-nio-8080-exec-2] o.s.web.servlet.DispatcherServlet        : Completed initialization in 2 ms
2021-06-14 03:14:52.948  INFO 16252 --- [main] c.s.S.SpringBootRestServiceApplication   : Starting SpringBootRestServiceApplication using Java 15.0.2 on DESKTOP-MM8CJJA with PID 16252 (E:\springstuff\SpringBootRestService\target\classes started by Said in E:\springstuff\SpringBootRestService)
2021-06-14 03:14:52.950  INFO 16252 --- [main] c.s.S.SpringBootRestServiceApplication   : No active profile set, falling back to default profiles: default
2021-06-14 03:14:53.702  INFO 16252 --- [main] .s.d.r.c.RepositoryConfigurationDelegate : Bootstrapping Spring Data JPA repositories in DEFAULT mode.
2021-06-14 03:14:53.760  INFO 16252 --- [main] .s.d.r.c.RepositoryConfigurationDelegate : Finished Spring Data repository scanning in 47 ms. Found 1 JPA repository interfaces.
2021-06-14 03:14:54.444  INFO 16252 --- [main] o.s.b.w.embedded.tomcat.TomcatWebServer  : Tomcat initialized with port(s): 8080 (http)
2021-06-14 03:14:54.461  INFO 16252 --- [main] o.apache.catalina.core.StandardService   : Starting service [Tomcat]
2021-06-14 03:14:54.461  INFO 16252 --- [main] org.apache.catalina.core.StandardEngine  : Starting Servlet engine: [Apache Tomcat/9.0.46]
2021-06-14 03:14:54.578  INFO 16252 --- [main] o.a.c.c.C.[Tomcat].[localhost].[/]       : Initializing Spring embedded WebApplicationContext
2021-06-14 03:14:54.578  INFO 16252 --- [main] w.s.c.ServletWebServerApplicationContext : Root WebApplicationContext: initialization completed in 1564 ms
2021-06-14 03:14:54.820  INFO 16252 --- [main] o.hibernate.jpa.internal.util.LogHelper  : HHH000204: Processing PersistenceUnitInfo [name: default]
2021-06-14 03:14:54.881  INFO 16252 --- [main] org.hibernate.Version                    : HHH000412: Hibernate ORM core version 5.4.31.Final
2021-06-14 03:14:55.022  INFO 16252 --- [main] o.hibernate.annotations.common.Version   : HCANN000001: Hibernate Commons Annotations {5.1.2.Final}
2021-06-14 03:14:55.109  INFO 16252 --- [main] com.zaxxer.hikari.HikariDataSource       : HikariPool-1 - Starting...
2021-06-14 03:14:55.478  INFO 16252 --- [main] com.zaxxer.hikari.HikariDataSource       : HikariPool-1 - Start completed.
2021-06-14 03:14:55.494  INFO 16252 --- [main] org.hibernate.dialect.Dialect            : HHH000400: Using dialect: org.hibernate.dialect.MySQL5InnoDBDialect
2021-06-14 03:14:56.091  INFO 16252 --- [main] o.h.e.t.j.p.i.JtaPlatformInitiator       : HHH000490: Using JtaPlatform implementation: [org.hibernate.engine.transaction.jta.platform.internal.NoJtaPlatform]
2021-06-14 03:14:56.100  INFO 16252 --- [main] j.LocalContainerEntityManagerFactoryBean : Initialized JPA EntityManagerFactory for persistence unit 'default'
2021-06-14 03:14:56.474  WARN 16252 --- [main] JpaBaseConfiguration$JpaWebConfiguration : spring.jpa.open-in-view is enabled by default. Therefore, database queries may be performed during view rendering. Explicitly configure spring.jpa.open-in-view to disable this warning
2021-06-14 03:14:56.950  INFO 16252 --- [main] o.s.s.web.DefaultSecurityFilterChain     : Will secure any request with [org.springframework.security.web.context.request.async.WebAsyncManagerIntegrationFilter@53016c98, org.springframework.security.web.context.SecurityContextPersistenceFilter@4b9d2cee, org.springframework.security.web.header.HeaderWriterFilter@5598dff2, org.springframework.security.web.csrf.CsrfFilter@3a359f7c, org.springframework.security.web.authentication.logout.LogoutFilter@5f26cb8b, org.springframework.security.web.authentication.UsernamePasswordAuthenticationFilter@22617270, org.springframework.security.web.authentication.ui.DefaultLoginPageGeneratingFilter@3a2a56f6, org.springframework.security.web.authentication.ui.DefaultLogoutPageGeneratingFilter@296a71df, org.springframework.security.web.authentication.www.BasicAuthenticationFilter@69d1ad64, org.springframework.security.web.savedrequest.RequestCacheAwareFilter@337eeceb, org.springframework.security.web.servletapi.SecurityContextHolderAwareRequestFilter@174f0d06, org.springframework.security.web.authentication.AnonymousAuthenticationFilter@4db4431b, org.springframework.security.web.session.SessionManagementFilter@57bfca3a, org.springframework.security.web.access.ExceptionTranslationFilter@39dce2df, org.springframework.security.web.access.intercept.FilterSecurityInterceptor@3e170abe]
2021-06-14 03:14:57.031  INFO 16252 --- [main] o.s.b.w.embedded.tomcat.TomcatWebServer  : Tomcat started on port(s): 8080 (http) with context path ''
2021-06-14 03:14:57.043  INFO 16252 --- [main] c.s.S.SpringBootRestServiceApplication   : Started SpringBootRestServiceApplication in 4.535 seconds (JVM running for 5.042)
2021-06-14 03:14:57.044  INFO 16252 --- [main] o.s.b.a.ApplicationAvailabilityBean      : Application availability state LivenessState changed to CORRECT
2021-06-14 03:14:57.046  INFO 16252 --- [main] o.s.b.a.ApplicationAvailabilityBean      : Application availability state ReadinessState changed to ACCEPTING_TRAFFIC
2021-06-14 03:14:59.960  INFO 16252 --- [http-nio-8080-exec-2] o.a.c.c.C.[Tomcat].[localhost].[/]       : Initializing Spring DispatcherServlet 'dispatcherServlet'
2021-06-14 03:14:59.961  INFO 16252 --- [http-nio-8080-exec-2] o.s.web.servlet.DispatcherServlet        : Initializing Servlet 'dispatcherServlet'
2021-06-14 03:14:59.962  INFO 16252 --- [http-nio-8080-exec-2] o.s.web.servlet.DispatcherServlet        : Completed initialization in 1 ms
2021-06-14 03:15:15.815  INFO 17188 --- [main] c.s.S.SpringBootRestServiceApplication   : Starting SpringBootRestServiceApplication using Java 15.0.2 on DESKTOP-MM8CJJA with PID 17188 (E:\springstuff\SpringBootRestService\target\classes started by Said in E:\springstuff\SpringBootRestService)
2021-06-14 03:15:15.817  INFO 17188 --- [main] c.s.S.SpringBootRestServiceApplication   : No active profile set, falling back to default profiles: default
2021-06-14 03:15:16.577  INFO 17188 --- [main] .s.d.r.c.RepositoryConfigurationDelegate : Bootstrapping Spring Data JPA repositories in DEFAULT mode.
2021-06-14 03:15:16.647  INFO 17188 --- [main] .s.d.r.c.RepositoryConfigurationDelegate : Finished Spring Data repository scanning in 58 ms. Found 1 JPA repository interfaces.
2021-06-14 03:15:17.372  INFO 17188 --- [main] o.s.b.w.embedded.tomcat.TomcatWebServer  : Tomcat initialized with port(s): 8080 (http)
2021-06-14 03:15:17.386  INFO 17188 --- [main] o.apache.catalina.core.StandardService   : Starting service [Tomcat]
2021-06-14 03:15:17.386  INFO 17188 --- [main] org.apache.catalina.core.StandardEngine  : Starting Servlet engine: [Apache Tomcat/9.0.46]
2021-06-14 03:15:17.514  INFO 17188 --- [main] o.a.c.c.C.[Tomcat].[localhost].[/]       : Initializing Spring embedded WebApplicationContext
2021-06-14 03:15:17.515  INFO 17188 --- [main] w.s.c.ServletWebServerApplicationContext : Root WebApplicationContext: initialization completed in 1641 ms
2021-06-14 03:15:17.759  INFO 17188 --- [main] o.hibernate.jpa.internal.util.LogHelper  : HHH000204: Processing PersistenceUnitInfo [name: default]
2021-06-14 03:15:17.806  INFO 17188 --- [main] org.hibernate.Version                    : HHH000412: Hibernate ORM core version 5.4.31.Final
2021-06-14 03:15:17.953  INFO 17188 --- [main] o.hibernate.annotations.common.Version   : HCANN000001: Hibernate Commons Annotations {5.1.2.Final}
2021-06-14 03:15:18.065  INFO 17188 --- [main] com.zaxxer.hikari.HikariDataSource       : HikariPool-1 - Starting...
2021-06-14 03:15:18.434  INFO 17188 --- [main] com.zaxxer.hikari.HikariDataSource       : HikariPool-1 - Start completed.
2021-06-14 03:15:18.448  INFO 17188 --- [main] org.hibernate.dialect.Dialect            : HHH000400: Using dialect: org.hibernate.dialect.MySQL5InnoDBDialect
2021-06-14 03:15:19.122  INFO 17188 --- [main] o.h.e.t.j.p.i.JtaPlatformInitiator       : HHH000490: Using JtaPlatform implementation: [org.hibernate.engine.transaction.jta.platform.internal.NoJtaPlatform]
2021-06-14 03:15:19.128  INFO 17188 --- [main] j.LocalContainerEntityManagerFactoryBean : Initialized JPA EntityManagerFactory for persistence unit 'default'
2021-06-14 03:15:19.491  WARN 17188 --- [main] JpaBaseConfiguration$JpaWebConfiguration : spring.jpa.open-in-view is enabled by default. Therefore, database queries may be performed during view rendering. Explicitly configure spring.jpa.open-in-view to disable this warning
2021-06-14 03:15:19.836  INFO 17188 --- [main] .s.s.UserDetailsServiceAutoConfiguration : 

Using generated security password: b85dc109-25cb-4933-99f4-aa5a3787ff07

2021-06-14 03:15:19.961  INFO 17188 --- [main] o.s.s.web.DefaultSecurityFilterChain     : Will secure any request with [org.springframework.security.web.context.request.async.WebAsyncManagerIntegrationFilter@458b4487, org.springframework.security.web.context.SecurityContextPersistenceFilter@58690f5e, org.springframework.security.web.header.HeaderWriterFilter@662d3e85, org.springframework.security.web.csrf.CsrfFilter@4d793390, org.springframework.security.web.authentication.logout.LogoutFilter@3369e2ce, org.springframework.security.web.authentication.UsernamePasswordAuthenticationFilter@21948bd1, org.springframework.security.web.authentication.ui.DefaultLoginPageGeneratingFilter@5f26cb8b, org.springframework.security.web.authentication.ui.DefaultLogoutPageGeneratingFilter@53016c98, org.springframework.security.web.authentication.www.BasicAuthenticationFilter@7a600e21, org.springframework.security.web.savedrequest.RequestCacheAwareFilter@1a390b8c, org.springframework.security.web.servletapi.SecurityContextHolderAwareRequestFilter@5392aa2b, org.springframework.security.web.authentication.AnonymousAuthenticationFilter@296a71df, org.springframework.security.web.session.SessionManagementFilter@92b1bda, org.springframework.security.web.access.ExceptionTranslationFilter@4b62f1ba, org.springframework.security.web.access.intercept.FilterSecurityInterceptor@278150a1]
2021-06-14 03:15:20.047  INFO 17188 --- [main] o.s.b.w.embedded.tomcat.TomcatWebServer  : Tomcat started on port(s): 8080 (http) with context path ''
2021-06-14 03:15:20.055  INFO 17188 --- [main] c.s.S.SpringBootRestServiceApplication   : Started SpringBootRestServiceApplication in 4.68 seconds (JVM running for 5.19)
2021-06-14 03:15:20.061  INFO 17188 --- [main] o.s.b.a.ApplicationAvailabilityBean      : Application availability state LivenessState changed to CORRECT
2021-06-14 03:15:20.063  INFO 17188 --- [main] o.s.b.a.ApplicationAvailabilityBean      : Application availability state ReadinessState changed to ACCEPTING_TRAFFIC
2021-06-14 03:15:24.750  INFO 17188 --- [http-nio-8080-exec-2] o.a.c.c.C.[Tomcat].[localhost].[/]       : Initializing Spring DispatcherServlet 'dispatcherServlet'
2021-06-14 03:15:24.750  INFO 17188 --- [http-nio-8080-exec-2] o.s.web.servlet.DispatcherServlet        : Initializing Servlet 'dispatcherServlet'
2021-06-14 03:15:24.752  INFO 17188 --- [http-nio-8080-exec-2] o.s.web.servlet.DispatcherServlet        : Completed initialization in 2 ms
2021-06-14 03:15:47.360  INFO 12516 --- [main] c.s.S.SpringBootRestServiceApplication   : Starting SpringBootRestServiceApplication using Java 15.0.2 on DESKTOP-MM8CJJA with PID 12516 (E:\springstuff\SpringBootRestService\target\classes started by Said in E:\springstuff\SpringBootRestService)
2021-06-14 03:15:47.362  INFO 12516 --- [main] c.s.S.SpringBootRestServiceApplication   : No active profile set, falling back to default profiles: default
2021-06-14 03:15:48.110  INFO 12516 --- [main] .s.d.r.c.RepositoryConfigurationDelegate : Bootstrapping Spring Data JPA repositories in DEFAULT mode.
2021-06-14 03:15:48.177  INFO 12516 --- [main] .s.d.r.c.RepositoryConfigurationDelegate : Finished Spring Data repository scanning in 54 ms. Found 1 JPA repository interfaces.
2021-06-14 03:15:48.902  INFO 12516 --- [main] o.s.b.w.embedded.tomcat.TomcatWebServer  : Tomcat initialized with port(s): 8080 (http)
2021-06-14 03:15:48.913  INFO 12516 --- [main] o.apache.catalina.core.StandardService   : Starting service [Tomcat]
2021-06-14 03:15:48.914  INFO 12516 --- [main] org.apache.catalina.core.StandardEngine  : Starting Servlet engine: [Apache Tomcat/9.0.46]
2021-06-14 03:15:49.044  INFO 12516 --- [main] o.a.c.c.C.[Tomcat].[localhost].[/]       : Initializing Spring embedded WebApplicationContext
2021-06-14 03:15:49.045  INFO 12516 --- [main] w.s.c.ServletWebServerApplicationContext : Root WebApplicationContext: initialization completed in 1632 ms
2021-06-14 03:15:49.312  INFO 12516 --- [main] o.hibernate.jpa.internal.util.LogHelper  : HHH000204: Processing PersistenceUnitInfo [name: default]
2021-06-14 03:15:49.366  INFO 12516 --- [main] org.hibernate.Version                    : HHH000412: Hibernate ORM core version 5.4.31.Final
2021-06-14 03:15:49.518  INFO 12516 --- [main] o.hibernate.annotations.common.Version   : HCANN000001: Hibernate Commons Annotations {5.1.2.Final}
2021-06-14 03:15:49.628  INFO 12516 --- [main] com.zaxxer.hikari.HikariDataSource       : HikariPool-1 - Starting...
2021-06-14 03:15:50.029  INFO 12516 --- [main] com.zaxxer.hikari.HikariDataSource       : HikariPool-1 - Start completed.
2021-06-14 03:15:50.044  INFO 12516 --- [main] org.hibernate.dialect.Dialect            : HHH000400: Using dialect: org.hibernate.dialect.MySQL5InnoDBDialect
2021-06-14 03:15:50.645  INFO 12516 --- [main] o.h.e.t.j.p.i.JtaPlatformInitiator       : HHH000490: Using JtaPlatform implementation: [org.hibernate.engine.transaction.jta.platform.internal.NoJtaPlatform]
2021-06-14 03:15:50.651  INFO 12516 --- [main] j.LocalContainerEntityManagerFactoryBean : Initialized JPA EntityManagerFactory for persistence unit 'default'
2021-06-14 03:15:51.006  WARN 12516 --- [main] JpaBaseConfiguration$JpaWebConfiguration : spring.jpa.open-in-view is enabled by default. Therefore, database queries may be performed during view rendering. Explicitly configure spring.jpa.open-in-view to disable this warning
2021-06-14 03:15:51.378  INFO 12516 --- [main] .s.s.UserDetailsServiceAutoConfiguration : 

Using generated security password: 8f72ee22-bd1c-428a-91b2-7197b929e5dd

2021-06-14 03:15:51.516  INFO 12516 --- [main] o.s.s.web.DefaultSecurityFilterChain     : Will secure any request with [org.springframework.security.web.context.request.async.WebAsyncManagerIntegrationFilter@ab94a32, org.springframework.security.web.context.SecurityContextPersistenceFilter@1a5a4f8, org.springframework.security.web.header.HeaderWriterFilter@4b9d2cee, org.springframework.security.web.csrf.CsrfFilter@35277c6c, org.springframework.security.web.authentication.logout.LogoutFilter@7f9dbe11, org.springframework.security.web.authentication.UsernamePasswordAuthenticationFilter@69d61a6f, org.springframework.security.web.authentication.ui.DefaultLoginPageGeneratingFilter@17e8caf2, org.springframework.security.web.authentication.ui.DefaultLogoutPageGeneratingFilter@70273633, org.springframework.security.web.authentication.www.BasicAuthenticationFilter@4db4431b, org.springframework.security.web.savedrequest.RequestCacheAwareFilter@174f0d06, org.springframework.security.web.servletapi.SecurityContextHolderAwareRequestFilter@59aba3c3, org.springframework.security.web.authentication.AnonymousAuthenticationFilter@1f641fb7, org.springframework.security.web.session.SessionManagementFilter@337eeceb, org.springframework.security.web.access.ExceptionTranslationFilter@57bfca3a, org.springframework.security.web.access.intercept.FilterSecurityInterceptor@21948bd1]
2021-06-14 03:15:51.597  INFO 12516 --- [main] o.s.b.w.embedded.tomcat.TomcatWebServer  : Tomcat started on port(s): 8080 (http) with context path ''
2021-06-14 03:15:51.608  INFO 12516 --- [main] c.s.S.SpringBootRestServiceApplication   : Started SpringBootRestServiceApplication in 4.699 seconds (JVM running for 5.176)
2021-06-14 03:15:51.609  INFO 12516 --- [main] o.s.b.a.ApplicationAvailabilityBean      : Application availability state LivenessState changed to CORRECT
2021-06-14 03:15:51.612  INFO 12516 --- [main] o.s.b.a.ApplicationAvailabilityBean      : Application availability state ReadinessState changed to ACCEPTING_TRAFFIC
2021-06-14 03:15:58.795  INFO 12516 --- [http-nio-8080-exec-2] o.a.c.c.C.[Tomcat].[localhost].[/]       : Initializing Spring DispatcherServlet 'dispatcherServlet'
2021-06-14 03:15:58.796  INFO 12516 --- [http-nio-8080-exec-2] o.s.web.servlet.DispatcherServlet        : Initializing Servlet 'dispatcherServlet'
2021-06-14 03:15:58.799  INFO 12516 --- [http-nio-8080-exec-2] o.s.web.servlet.DispatcherServlet        : Completed initialization in 2 ms
2021-06-14 03:29:26.500  INFO 17616 --- [main] c.s.S.SpringBootRestServiceApplication   : Starting SpringBootRestServiceApplication using Java 15.0.2 on DESKTOP-MM8CJJA with PID 17616 (E:\springstuff\SpringBootRestService\target\classes started by Said in E:\springstuff\SpringBootRestService)
2021-06-14 03:29:26.502  INFO 17616 --- [main] c.s.S.SpringBootRestServiceApplication   : No active profile set, falling back to default profiles: default
2021-06-14 03:29:27.241  INFO 17616 --- [main] .s.d.r.c.RepositoryConfigurationDelegate : Bootstrapping Spring Data JPA repositories in DEFAULT mode.
2021-06-14 03:29:27.307  INFO 17616 --- [main] .s.d.r.c.RepositoryConfigurationDelegate : Finished Spring Data repository scanning in 55 ms. Found 1 JPA repository interfaces.
2021-06-14 03:29:28.028  INFO 17616 --- [main] o.s.b.w.embedded.tomcat.TomcatWebServer  : Tomcat initialized with port(s): 8080 (http)
2021-06-14 03:29:28.042  INFO 17616 --- [main] o.apache.catalina.core.StandardService   : Starting service [Tomcat]
2021-06-14 03:29:28.043  INFO 17616 --- [main] org.apache.catalina.core.StandardEngine  : Starting Servlet engine: [Apache Tomcat/9.0.46]
2021-06-14 03:29:28.164  INFO 17616 --- [main] o.a.c.c.C.[Tomcat].[localhost].[/]       : Initializing Spring embedded WebApplicationContext
2021-06-14 03:29:28.165  INFO 17616 --- [main] w.s.c.ServletWebServerApplicationContext : Root WebApplicationContext: initialization completed in 1611 ms
2021-06-14 03:29:28.274  WARN 17616 --- [main] ConfigServletWebServerApplicationContext : Exception encountered during context initialization - cancelling refresh attempt: org.springframework.beans.factory.UnsatisfiedDependencyException: Error creating bean with name 'dataSourceScriptDatabaseInitializer' defined in class path resource [org/springframework/boot/autoconfigure/sql/init/DataSourceInitializationConfiguration.class]: Unsatisfied dependency expressed through method 'dataSourceScriptDatabaseInitializer' parameter 0; nested exception is org.springframework.beans.factory.BeanCreationException: Error creating bean with name 'dataSource' defined in class path resource [org/springframework/boot/autoconfigure/jdbc/DataSourceConfiguration$Hikari.class]: Bean instantiation via factory method failed; nested exception is org.springframework.beans.BeanInstantiationException: Failed to instantiate [com.zaxxer.hikari.HikariDataSource]: Factory method 'dataSource' threw exception; nested exception is java.lang.IllegalStateException: Cannot load driver class: com.mysql.cj.jdbc.Driver
2021-06-14 03:29:28.279  INFO 17616 --- [main] o.apache.catalina.core.StandardService   : Stopping service [Tomcat]
2021-06-14 03:29:28.295  INFO 17616 --- [main] ConditionEvaluationReportLoggingListener : 

Error starting ApplicationContext. To display the conditions report re-run your application with 'debug' enabled.
2021-06-14 03:29:28.316 ERROR 17616 --- [main] o.s.boot.SpringApplication               : Application run failed

org.springframework.beans.factory.UnsatisfiedDependencyException: Error creating bean with name 'dataSourceScriptDatabaseInitializer' defined in class path resource [org/springframework/boot/autoconfigure/sql/init/DataSourceInitializationConfiguration.class]: Unsatisfied dependency expressed through method 'dataSourceScriptDatabaseInitializer' parameter 0; nested exception is org.springframework.beans.factory.BeanCreationException: Error creating bean with name 'dataSource' defined in class path resource [org/springframework/boot/autoconfigure/jdbc/DataSourceConfiguration$Hikari.class]: Bean instantiation via factory method failed; nested exception is org.springframework.beans.BeanInstantiationException: Failed to instantiate [com.zaxxer.hikari.HikariDataSource]: Factory method 'dataSource' threw exception; nested exception is java.lang.IllegalStateException: Cannot load driver class: com.mysql.cj.jdbc.Driver
	at org.springframework.beans.factory.support.ConstructorResolver.createArgumentArray(ConstructorResolver.java:800) ~[spring-beans-5.3.7.jar:5.3.7]
	at org.springframework.beans.factory.support.ConstructorResolver.instantiateUsingFactoryMethod(ConstructorResolver.java:541) ~[spring-beans-5.3.7.jar:5.3.7]
	at org.springframework.beans.factory.support.AbstractAutowireCapableBeanFactory.instantiateUsingFactoryMethod(AbstractAutowireCapableBeanFactory.java:1334) ~[spring-beans-5.3.7.jar:5.3.7]
	at org.springframework.beans.factory.support.AbstractAutowireCapableBeanFactory.createBeanInstance(AbstractAutowireCapableBeanFactory.java:1177) ~[spring-beans-5.3.7.jar:5.3.7]
	at org.springframework.beans.factory.support.AbstractAutowireCapableBeanFactory.doCreateBean(AbstractAutowireCapableBeanFactory.java:564) ~[spring-beans-5.3.7.jar:5.3.7]
	at org.springframework.beans.factory.support.AbstractAutowireCapableBeanFactory.createBean(AbstractAutowireCapableBeanFactory.java:524) ~[spring-beans-5.3.7.jar:5.3.7]
	at org.springframework.beans.factory.support.AbstractBeanFactory.lambda$doGetBean$0(AbstractBeanFactory.java:335) ~[spring-beans-5.3.7.jar:5.3.7]
	at org.springframework.beans.factory.support.DefaultSingletonBeanRegistry.getSingleton(DefaultSingletonBeanRegistry.java:234) ~[spring-beans-5.3.7.jar:5.3.7]
	at org.springframework.beans.factory.support.AbstractBeanFactory.doGetBean(AbstractBeanFactory.java:333) ~[spring-beans-5.3.7.jar:5.3.7]
	at org.springframework.beans.factory.support.AbstractBeanFactory.getBean(AbstractBeanFactory.java:208) ~[spring-beans-5.3.7.jar:5.3.7]
	at org.springframework.beans.factory.support.AbstractBeanFactory.doGetBean(AbstractBeanFactory.java:322) ~[spring-beans-5.3.7.jar:5.3.7]
	at org.springframework.beans.factory.support.AbstractBeanFactory.getBean(AbstractBeanFactory.java:208) ~[spring-beans-5.3.7.jar:5.3.7]
	at org.springframework.context.support.AbstractApplicationContext.getBean(AbstractApplicationContext.java:1154) ~[spring-context-5.3.7.jar:5.3.7]
	at org.springframework.context.support.AbstractApplicationContext.finishBeanFactoryInitialization(AbstractApplicationContext.java:908) ~[spring-context-5.3.7.jar:5.3.7]
	at org.springframework.context.support.AbstractApplicationContext.refresh(AbstractApplicationContext.java:583) ~[spring-context-5.3.7.jar:5.3.7]
	at org.springframework.boot.web.servlet.context.ServletWebServerApplicationContext.refresh(ServletWebServerApplicationContext.java:145) ~[spring-boot-2.5.0.jar:2.5.0]
	at org.springframework.boot.SpringApplication.refresh(SpringApplication.java:758) ~[spring-boot-2.5.0.jar:2.5.0]
	at org.springframework.boot.SpringApplication.refreshContext(SpringApplication.java:438) ~[spring-boot-2.5.0.jar:2.5.0]
	at org.springframework.boot.SpringApplication.run(SpringApplication.java:337) ~[spring-boot-2.5.0.jar:2.5.0]
	at org.springframework.boot.SpringApplication.run(SpringApplication.java:1336) ~[spring-boot-2.5.0.jar:2.5.0]
	at org.springframework.boot.SpringApplication.run(SpringApplication.java:1325) ~[spring-boot-2.5.0.jar:2.5.0]
	at com.saidspringproject.SpringBootRestService.SpringBootRestServiceApplication.main(SpringBootRestServiceApplication.java:20) ~[classes/:na]
Caused by: org.springframework.beans.factory.BeanCreationException: Error creating bean with name 'dataSource' defined in class path resource [org/springframework/boot/autoconfigure/jdbc/DataSourceConfiguration$Hikari.class]: Bean instantiation via factory method failed; nested exception is org.springframework.beans.BeanInstantiationException: Failed to instantiate [com.zaxxer.hikari.HikariDataSource]: Factory method 'dataSource' threw exception; nested exception is java.lang.IllegalStateException: Cannot load driver class: com.mysql.cj.jdbc.Driver
	at org.springframework.beans.factory.support.ConstructorResolver.instantiate(ConstructorResolver.java:658) ~[spring-beans-5.3.7.jar:5.3.7]
	at org.springframework.beans.factory.support.ConstructorResolver.instantiateUsingFactoryMethod(ConstructorResolver.java:638) ~[spring-beans-5.3.7.jar:5.3.7]
	at org.springframework.beans.factory.support.AbstractAutowireCapableBeanFactory.instantiateUsingFactoryMethod(AbstractAutowireCapableBeanFactory.java:1334) ~[spring-beans-5.3.7.jar:5.3.7]
	at org.springframework.beans.factory.support.AbstractAutowireCapableBeanFactory.createBeanInstance(AbstractAutowireCapableBeanFactory.java:1177) ~[spring-beans-5.3.7.jar:5.3.7]
	at org.springframework.beans.factory.support.AbstractAutowireCapableBeanFactory.doCreateBean(AbstractAutowireCapableBeanFactory.java:564) ~[spring-beans-5.3.7.jar:5.3.7]
	at org.springframework.beans.factory.support.AbstractAutowireCapableBeanFactory.createBean(AbstractAutowireCapableBeanFactory.java:524) ~[spring-beans-5.3.7.jar:5.3.7]
	at org.springframework.beans.factory.support.AbstractBeanFactory.lambda$doGetBean$0(AbstractBeanFactory.java:335) ~[spring-beans-5.3.7.jar:5.3.7]
	at org.springframework.beans.factory.support.DefaultSingletonBeanRegistry.getSingleton(DefaultSingletonBeanRegistry.java:234) ~[spring-beans-5.3.7.jar:5.3.7]
	at org.springframework.beans.factory.support.AbstractBeanFactory.doGetBean(AbstractBeanFactory.java:333) ~[spring-beans-5.3.7.jar:5.3.7]
	at org.springframework.beans.factory.support.AbstractBeanFactory.getBean(AbstractBeanFactory.java:208) ~[spring-beans-5.3.7.jar:5.3.7]
	at org.springframework.beans.factory.config.DependencyDescriptor.resolveCandidate(DependencyDescriptor.java:276) ~[spring-beans-5.3.7.jar:5.3.7]
	at org.springframework.beans.factory.support.DefaultListableBeanFactory.doResolveDependency(DefaultListableBeanFactory.java:1380) ~[spring-beans-5.3.7.jar:5.3.7]
	at org.springframework.beans.factory.support.DefaultListableBeanFactory.resolveDependency(DefaultListableBeanFactory.java:1300) ~[spring-beans-5.3.7.jar:5.3.7]
	at org.springframework.beans.factory.support.ConstructorResolver.resolveAutowiredArgument(ConstructorResolver.java:887) ~[spring-beans-5.3.7.jar:5.3.7]
	at org.springframework.beans.factory.support.ConstructorResolver.createArgumentArray(ConstructorResolver.java:791) ~[spring-beans-5.3.7.jar:5.3.7]
	... 21 common frames omitted
Caused by: org.springframework.beans.BeanInstantiationException: Failed to instantiate [com.zaxxer.hikari.HikariDataSource]: Factory method 'dataSource' threw exception; nested exception is java.lang.IllegalStateException: Cannot load driver class: com.mysql.cj.jdbc.Driver
	at org.springframework.beans.factory.support.SimpleInstantiationStrategy.instantiate(SimpleInstantiationStrategy.java:185) ~[spring-beans-5.3.7.jar:5.3.7]
	at org.springframework.beans.factory.support.ConstructorResolver.instantiate(ConstructorResolver.java:653) ~[spring-beans-5.3.7.jar:5.3.7]
	... 35 common frames omitted
Caused by: java.lang.IllegalStateException: Cannot load driver class: com.mysql.cj.jdbc.Driver
	at org.springframework.util.Assert.state(Assert.java:97) ~[spring-core-5.3.7.jar:5.3.7]
	at org.springframework.boot.autoconfigure.jdbc.DataSourceProperties.determineDriverClassName(DataSourceProperties.java:241) ~[spring-boot-autoconfigure-2.5.0.jar:2.5.0]
	at org.springframework.boot.autoconfigure.jdbc.DataSourceProperties.initializeDataSourceBuilder(DataSourceProperties.java:193) ~[spring-boot-autoconfigure-2.5.0.jar:2.5.0]
	at org.springframework.boot.autoconfigure.jdbc.DataSourceConfiguration.createDataSource(DataSourceConfiguration.java:48) ~[spring-boot-autoconfigure-2.5.0.jar:2.5.0]
	at org.springframework.boot.autoconfigure.jdbc.DataSourceConfiguration$Hikari.dataSource(DataSourceConfiguration.java:90) ~[spring-boot-autoconfigure-2.5.0.jar:2.5.0]
	at java.base/jdk.internal.reflect.NativeMethodAccessorImpl.invoke0(Native Method) ~[na:na]
	at java.base/jdk.internal.reflect.NativeMethodAccessorImpl.invoke(NativeMethodAccessorImpl.java:64) ~[na:na]
	at java.base/jdk.internal.reflect.DelegatingMethodAccessorImpl.invoke(DelegatingMethodAccessorImpl.java:43) ~[na:na]
	at java.base/java.lang.reflect.Method.invoke(Method.java:564) ~[na:na]
	at org.springframework.beans.factory.support.SimpleInstantiationStrategy.instantiate(SimpleInstantiationStrategy.java:154) ~[spring-beans-5.3.7.jar:5.3.7]
	... 36 common frames omitted

2021-06-14 03:30:11.216  INFO 15884 --- [main] c.s.S.SpringBootRestServiceApplication   : Starting SpringBootRestServiceApplication using Java 15.0.2 on DESKTOP-MM8CJJA with PID 15884 (E:\springstuff\SpringBootRestService\target\classes started by Said in E:\springstuff\SpringBootRestService)
2021-06-14 03:30:11.218  INFO 15884 --- [main] c.s.S.SpringBootRestServiceApplication   : No active profile set, falling back to default profiles: default
2021-06-14 03:30:11.971  INFO 15884 --- [main] .s.d.r.c.RepositoryConfigurationDelegate : Bootstrapping Spring Data JPA repositories in DEFAULT mode.
2021-06-14 03:30:12.032  INFO 15884 --- [main] .s.d.r.c.RepositoryConfigurationDelegate : Finished Spring Data repository scanning in 51 ms. Found 1 JPA repository interfaces.
2021-06-14 03:30:12.716  INFO 15884 --- [main] o.s.b.w.embedded.tomcat.TomcatWebServer  : Tomcat initialized with port(s): 8080 (http)
2021-06-14 03:30:12.732  INFO 15884 --- [main] o.apache.catalina.core.StandardService   : Starting service [Tomcat]
2021-06-14 03:30:12.733  INFO 15884 --- [main] org.apache.catalina.core.StandardEngine  : Starting Servlet engine: [Apache Tomcat/9.0.46]
2021-06-14 03:30:12.862  INFO 15884 --- [main] o.a.c.c.C.[Tomcat].[localhost].[/]       : Initializing Spring embedded WebApplicationContext
2021-06-14 03:30:12.863  INFO 15884 --- [main] w.s.c.ServletWebServerApplicationContext : Root WebApplicationContext: initialization completed in 1596 ms
2021-06-14 03:30:12.965  WARN 15884 --- [main] ConfigServletWebServerApplicationContext : Exception encountered during context initialization - cancelling refresh attempt: org.springframework.beans.factory.UnsatisfiedDependencyException: Error creating bean with name 'dataSourceScriptDatabaseInitializer' defined in class path resource [org/springframework/boot/autoconfigure/sql/init/DataSourceInitializationConfiguration.class]: Unsatisfied dependency expressed through method 'dataSourceScriptDatabaseInitializer' parameter 0; nested exception is org.springframework.beans.factory.BeanCreationException: Error creating bean with name 'dataSource' defined in class path resource [org/springframework/boot/autoconfigure/jdbc/DataSourceConfiguration$Hikari.class]: Bean instantiation via factory method failed; nested exception is org.springframework.beans.BeanInstantiationException: Failed to instantiate [com.zaxxer.hikari.HikariDataSource]: Factory method 'dataSource' threw exception; nested exception is java.lang.IllegalStateException: Cannot load driver class: com.mysql.cj.jdbc.Driver
2021-06-14 03:30:12.970  INFO 15884 --- [main] o.apache.catalina.core.StandardService   : Stopping service [Tomcat]
2021-06-14 03:30:12.984  INFO 15884 --- [main] ConditionEvaluationReportLoggingListener : 

Error starting ApplicationContext. To display the conditions report re-run your application with 'debug' enabled.
2021-06-14 03:30:13.003 ERROR 15884 --- [main] o.s.boot.SpringApplication               : Application run failed

org.springframework.beans.factory.UnsatisfiedDependencyException: Error creating bean with name 'dataSourceScriptDatabaseInitializer' defined in class path resource [org/springframework/boot/autoconfigure/sql/init/DataSourceInitializationConfiguration.class]: Unsatisfied dependency expressed through method 'dataSourceScriptDatabaseInitializer' parameter 0; nested exception is org.springframework.beans.factory.BeanCreationException: Error creating bean with name 'dataSource' defined in class path resource [org/springframework/boot/autoconfigure/jdbc/DataSourceConfiguration$Hikari.class]: Bean instantiation via factory method failed; nested exception is org.springframework.beans.BeanInstantiationException: Failed to instantiate [com.zaxxer.hikari.HikariDataSource]: Factory method 'dataSource' threw exception; nested exception is java.lang.IllegalStateException: Cannot load driver class: com.mysql.cj.jdbc.Driver
	at org.springframework.beans.factory.support.ConstructorResolver.createArgumentArray(ConstructorResolver.java:800) ~[spring-beans-5.3.7.jar:5.3.7]
	at org.springframework.beans.factory.support.ConstructorResolver.instantiateUsingFactoryMethod(ConstructorResolver.java:541) ~[spring-beans-5.3.7.jar:5.3.7]
	at org.springframework.beans.factory.support.AbstractAutowireCapableBeanFactory.instantiateUsingFactoryMethod(AbstractAutowireCapableBeanFactory.java:1334) ~[spring-beans-5.3.7.jar:5.3.7]
	at org.springframework.beans.factory.support.AbstractAutowireCapableBeanFactory.createBeanInstance(AbstractAutowireCapableBeanFactory.java:1177) ~[spring-beans-5.3.7.jar:5.3.7]
	at org.springframework.beans.factory.support.AbstractAutowireCapableBeanFactory.doCreateBean(AbstractAutowireCapableBeanFactory.java:564) ~[spring-beans-5.3.7.jar:5.3.7]
	at org.springframework.beans.factory.support.AbstractAutowireCapableBeanFactory.createBean(AbstractAutowireCapableBeanFactory.java:524) ~[spring-beans-5.3.7.jar:5.3.7]
	at org.springframework.beans.factory.support.AbstractBeanFactory.lambda$doGetBean$0(AbstractBeanFactory.java:335) ~[spring-beans-5.3.7.jar:5.3.7]
	at org.springframework.beans.factory.support.DefaultSingletonBeanRegistry.getSingleton(DefaultSingletonBeanRegistry.java:234) ~[spring-beans-5.3.7.jar:5.3.7]
	at org.springframework.beans.factory.support.AbstractBeanFactory.doGetBean(AbstractBeanFactory.java:333) ~[spring-beans-5.3.7.jar:5.3.7]
	at org.springframework.beans.factory.support.AbstractBeanFactory.getBean(AbstractBeanFactory.java:208) ~[spring-beans-5.3.7.jar:5.3.7]
	at org.springframework.beans.factory.support.AbstractBeanFactory.doGetBean(AbstractBeanFactory.java:322) ~[spring-beans-5.3.7.jar:5.3.7]
	at org.springframework.beans.factory.support.AbstractBeanFactory.getBean(AbstractBeanFactory.java:208) ~[spring-beans-5.3.7.jar:5.3.7]
	at org.springframework.context.support.AbstractApplicationContext.getBean(AbstractApplicationContext.java:1154) ~[spring-context-5.3.7.jar:5.3.7]
	at org.springframework.context.support.AbstractApplicationContext.finishBeanFactoryInitialization(AbstractApplicationContext.java:908) ~[spring-context-5.3.7.jar:5.3.7]
	at org.springframework.context.support.AbstractApplicationContext.refresh(AbstractApplicationContext.java:583) ~[spring-context-5.3.7.jar:5.3.7]
	at org.springframework.boot.web.servlet.context.ServletWebServerApplicationContext.refresh(ServletWebServerApplicationContext.java:145) ~[spring-boot-2.5.0.jar:2.5.0]
	at org.springframework.boot.SpringApplication.refresh(SpringApplication.java:758) ~[spring-boot-2.5.0.jar:2.5.0]
	at org.springframework.boot.SpringApplication.refreshContext(SpringApplication.java:438) ~[spring-boot-2.5.0.jar:2.5.0]
	at org.springframework.boot.SpringApplication.run(SpringApplication.java:337) ~[spring-boot-2.5.0.jar:2.5.0]
	at org.springframework.boot.SpringApplication.run(SpringApplication.java:1336) ~[spring-boot-2.5.0.jar:2.5.0]
	at org.springframework.boot.SpringApplication.run(SpringApplication.java:1325) ~[spring-boot-2.5.0.jar:2.5.0]
	at com.saidspringproject.SpringBootRestService.SpringBootRestServiceApplication.main(SpringBootRestServiceApplication.java:20) ~[classes/:na]
Caused by: org.springframework.beans.factory.BeanCreationException: Error creating bean with name 'dataSource' defined in class path resource [org/springframework/boot/autoconfigure/jdbc/DataSourceConfiguration$Hikari.class]: Bean instantiation via factory method failed; nested exception is org.springframework.beans.BeanInstantiationException: Failed to instantiate [com.zaxxer.hikari.HikariDataSource]: Factory method 'dataSource' threw exception; nested exception is java.lang.IllegalStateException: Cannot load driver class: com.mysql.cj.jdbc.Driver
	at org.springframework.beans.factory.support.ConstructorResolver.instantiate(ConstructorResolver.java:658) ~[spring-beans-5.3.7.jar:5.3.7]
	at org.springframework.beans.factory.support.ConstructorResolver.instantiateUsingFactoryMethod(ConstructorResolver.java:638) ~[spring-beans-5.3.7.jar:5.3.7]
	at org.springframework.beans.factory.support.AbstractAutowireCapableBeanFactory.instantiateUsingFactoryMethod(AbstractAutowireCapableBeanFactory.java:1334) ~[spring-beans-5.3.7.jar:5.3.7]
	at org.springframework.beans.factory.support.AbstractAutowireCapableBeanFactory.createBeanInstance(AbstractAutowireCapableBeanFactory.java:1177) ~[spring-beans-5.3.7.jar:5.3.7]
	at org.springframework.beans.factory.support.AbstractAutowireCapableBeanFactory.doCreateBean(AbstractAutowireCapableBeanFactory.java:564) ~[spring-beans-5.3.7.jar:5.3.7]
	at org.springframework.beans.factory.support.AbstractAutowireCapableBeanFactory.createBean(AbstractAutowireCapableBeanFactory.java:524) ~[spring-beans-5.3.7.jar:5.3.7]
	at org.springframework.beans.factory.support.AbstractBeanFactory.lambda$doGetBean$0(AbstractBeanFactory.java:335) ~[spring-beans-5.3.7.jar:5.3.7]
	at org.springframework.beans.factory.support.DefaultSingletonBeanRegistry.getSingleton(DefaultSingletonBeanRegistry.java:234) ~[spring-beans-5.3.7.jar:5.3.7]
	at org.springframework.beans.factory.support.AbstractBeanFactory.doGetBean(AbstractBeanFactory.java:333) ~[spring-beans-5.3.7.jar:5.3.7]
	at org.springframework.beans.factory.support.AbstractBeanFactory.getBean(AbstractBeanFactory.java:208) ~[spring-beans-5.3.7.jar:5.3.7]
	at org.springframework.beans.factory.config.DependencyDescriptor.resolveCandidate(DependencyDescriptor.java:276) ~[spring-beans-5.3.7.jar:5.3.7]
	at org.springframework.beans.factory.support.DefaultListableBeanFactory.doResolveDependency(DefaultListableBeanFactory.java:1380) ~[spring-beans-5.3.7.jar:5.3.7]
	at org.springframework.beans.factory.support.DefaultListableBeanFactory.resolveDependency(DefaultListableBeanFactory.java:1300) ~[spring-beans-5.3.7.jar:5.3.7]
	at org.springframework.beans.factory.support.ConstructorResolver.resolveAutowiredArgument(ConstructorResolver.java:887) ~[spring-beans-5.3.7.jar:5.3.7]
	at org.springframework.beans.factory.support.ConstructorResolver.createArgumentArray(ConstructorResolver.java:791) ~[spring-beans-5.3.7.jar:5.3.7]
	... 21 common frames omitted
Caused by: org.springframework.beans.BeanInstantiationException: Failed to instantiate [com.zaxxer.hikari.HikariDataSource]: Factory method 'dataSource' threw exception; nested exception is java.lang.IllegalStateException: Cannot load driver class: com.mysql.cj.jdbc.Driver
	at org.springframework.beans.factory.support.SimpleInstantiationStrategy.instantiate(SimpleInstantiationStrategy.java:185) ~[spring-beans-5.3.7.jar:5.3.7]
	at org.springframework.beans.factory.support.ConstructorResolver.instantiate(ConstructorResolver.java:653) ~[spring-beans-5.3.7.jar:5.3.7]
	... 35 common frames omitted
Caused by: java.lang.IllegalStateException: Cannot load driver class: com.mysql.cj.jdbc.Driver
	at org.springframework.util.Assert.state(Assert.java:97) ~[spring-core-5.3.7.jar:5.3.7]
	at org.springframework.boot.autoconfigure.jdbc.DataSourceProperties.determineDriverClassName(DataSourceProperties.java:241) ~[spring-boot-autoconfigure-2.5.0.jar:2.5.0]
	at org.springframework.boot.autoconfigure.jdbc.DataSourceProperties.initializeDataSourceBuilder(DataSourceProperties.java:193) ~[spring-boot-autoconfigure-2.5.0.jar:2.5.0]
	at org.springframework.boot.autoconfigure.jdbc.DataSourceConfiguration.createDataSource(DataSourceConfiguration.java:48) ~[spring-boot-autoconfigure-2.5.0.jar:2.5.0]
	at org.springframework.boot.autoconfigure.jdbc.DataSourceConfiguration$Hikari.dataSource(DataSourceConfiguration.java:90) ~[spring-boot-autoconfigure-2.5.0.jar:2.5.0]
	at java.base/jdk.internal.reflect.NativeMethodAccessorImpl.invoke0(Native Method) ~[na:na]
	at java.base/jdk.internal.reflect.NativeMethodAccessorImpl.invoke(NativeMethodAccessorImpl.java:64) ~[na:na]
	at java.base/jdk.internal.reflect.DelegatingMethodAccessorImpl.invoke(DelegatingMethodAccessorImpl.java:43) ~[na:na]
	at java.base/java.lang.reflect.Method.invoke(Method.java:564) ~[na:na]
	at org.springframework.beans.factory.support.SimpleInstantiationStrategy.instantiate(SimpleInstantiationStrategy.java:154) ~[spring-beans-5.3.7.jar:5.3.7]
	... 36 common frames omitted

2021-06-14 03:31:19.218  INFO 2880 --- [main] c.s.S.SpringBootRestServiceApplication   : Starting SpringBootRestServiceApplication using Java 15.0.2 on DESKTOP-MM8CJJA with PID 2880 (E:\springstuff\SpringBootRestService\target\classes started by Said in E:\springstuff\SpringBootRestService)
2021-06-14 03:31:19.221  INFO 2880 --- [main] c.s.S.SpringBootRestServiceApplication   : No active profile set, falling back to default profiles: default
2021-06-14 03:31:19.933  INFO 2880 --- [main] .s.d.r.c.RepositoryConfigurationDelegate : Bootstrapping Spring Data JPA repositories in DEFAULT mode.
2021-06-14 03:31:19.995  INFO 2880 --- [main] .s.d.r.c.RepositoryConfigurationDelegate : Finished Spring Data repository scanning in 52 ms. Found 1 JPA repository interfaces.
2021-06-14 03:31:20.710  INFO 2880 --- [main] o.s.b.w.embedded.tomcat.TomcatWebServer  : Tomcat initialized with port(s): 8080 (http)
2021-06-14 03:31:20.726  INFO 2880 --- [main] o.apache.catalina.core.StandardService   : Starting service [Tomcat]
2021-06-14 03:31:20.727  INFO 2880 --- [main] org.apache.catalina.core.StandardEngine  : Starting Servlet engine: [Apache Tomcat/9.0.46]
2021-06-14 03:31:20.863  INFO 2880 --- [main] o.a.c.c.C.[Tomcat].[localhost].[/]       : Initializing Spring embedded WebApplicationContext
2021-06-14 03:31:20.863  INFO 2880 --- [main] w.s.c.ServletWebServerApplicationContext : Root WebApplicationContext: initialization completed in 1586 ms
2021-06-14 03:31:21.137  INFO 2880 --- [main] o.hibernate.jpa.internal.util.LogHelper  : HHH000204: Processing PersistenceUnitInfo [name: default]
2021-06-14 03:31:21.181  INFO 2880 --- [main] org.hibernate.Version                    : HHH000412: Hibernate ORM core version 5.4.31.Final
2021-06-14 03:31:21.317  INFO 2880 --- [main] o.hibernate.annotations.common.Version   : HCANN000001: Hibernate Commons Annotations {5.1.2.Final}
2021-06-14 03:31:21.421  INFO 2880 --- [main] com.zaxxer.hikari.HikariDataSource       : HikariPool-1 - Starting...
2021-06-14 03:31:21.866  INFO 2880 --- [main] com.zaxxer.hikari.HikariDataSource       : HikariPool-1 - Start completed.
2021-06-14 03:31:21.883  INFO 2880 --- [main] org.hibernate.dialect.Dialect            : HHH000400: Using dialect: org.hibernate.dialect.MySQL5InnoDBDialect
2021-06-14 03:31:22.516  INFO 2880 --- [main] o.h.e.t.j.p.i.JtaPlatformInitiator       : HHH000490: Using JtaPlatform implementation: [org.hibernate.engine.transaction.jta.platform.internal.NoJtaPlatform]
2021-06-14 03:31:22.524  INFO 2880 --- [main] j.LocalContainerEntityManagerFactoryBean : Initialized JPA EntityManagerFactory for persistence unit 'default'
2021-06-14 03:31:22.899  WARN 2880 --- [main] JpaBaseConfiguration$JpaWebConfiguration : spring.jpa.open-in-view is enabled by default. Therefore, database queries may be performed during view rendering. Explicitly configure spring.jpa.open-in-view to disable this warning
2021-06-14 03:31:23.267  INFO 2880 --- [main] o.s.b.w.embedded.tomcat.TomcatWebServer  : Tomcat started on port(s): 8080 (http) with context path ''
2021-06-14 03:31:23.279  INFO 2880 --- [main] c.s.S.SpringBootRestServiceApplication   : Started SpringBootRestServiceApplication in 4.507 seconds (JVM running for 5.137)
2021-06-14 03:31:23.281  INFO 2880 --- [main] o.s.b.a.ApplicationAvailabilityBean      : Application availability state LivenessState changed to CORRECT
2021-06-14 03:31:23.283  INFO 2880 --- [main] o.s.b.a.ApplicationAvailabilityBean      : Application availability state ReadinessState changed to ACCEPTING_TRAFFIC
2021-06-14 03:31:27.782  INFO 2880 --- [http-nio-8080-exec-2] o.a.c.c.C.[Tomcat].[localhost].[/]       : Initializing Spring DispatcherServlet 'dispatcherServlet'
2021-06-14 03:31:27.782  INFO 2880 --- [http-nio-8080-exec-2] o.s.web.servlet.DispatcherServlet        : Initializing Servlet 'dispatcherServlet'
2021-06-14 03:31:27.784  INFO 2880 --- [http-nio-8080-exec-2] o.s.web.servlet.DispatcherServlet        : Completed initialization in 2 ms
